\BOOKMARK [1][-]{section.1}{\376\377\000I\000n\000t\000r\000o\000d\000u\000c\000t\000i\000o\000n\000\040\000t\000o\000\040\000J\000u\000l\000i\000a\000:\000\040\000A\000\040\000C\000o\000m\000p\000r\000e\000h\000e\000n\000s\000i\000v\000e\000\040\000G\000u\000i\000d\000e}{}% 1
\BOOKMARK [2][-]{subsection.1.1}{\376\377\000I\000n\000s\000t\000a\000l\000l\000i\000n\000g\000\040\000J\000u\000l\000i\000a\000\040\000a\000n\000d\000\040\000S\000e\000t\000t\000i\000n\000g\000\040\000U\000p\000\040\000t\000h\000e\000\040\000E\000n\000v\000i\000r\000o\000n\000m\000e\000n\000t}{section.1}% 2
\BOOKMARK [2][-]{subsection.1.2}{\376\377\000B\000a\000s\000i\000c\000\040\000C\000o\000n\000c\000e\000p\000t\000s\000\040\000i\000n\000\040\000J\000u\000l\000i\000a}{section.1}% 3
\BOOKMARK [2][-]{subsection.1.3}{\376\377\000P\000l\000o\000t\000t\000i\000n\000g\000,\000\040\000A\000n\000i\000m\000a\000t\000i\000o\000n\000s\000,\000\040\000a\000n\000d\000\040\000E\000n\000c\000a\000p\000s\000u\000l\000a\000t\000i\000o\000n}{section.1}% 4
\BOOKMARK [2][-]{subsection.1.4}{\376\377\000F\000u\000n\000c\000t\000i\000o\000n\000s\000,\000\040\000L\000a\000m\000b\000d\000a\000\040\000E\000x\000p\000r\000e\000s\000s\000i\000o\000n\000s\000,\000\040\000a\000n\000d\000\040\000A\000d\000v\000a\000n\000c\000e\000d\000\040\000O\000p\000e\000r\000a\000t\000i\000o\000n\000s}{section.1}% 5
\BOOKMARK [1][-]{section.2}{\376\377\000C\000P\000U\000\040\000P\000e\000r\000f\000o\000r\000m\000a\000n\000c\000e\000:\000\040\000B\000e\000n\000c\000h\000m\000a\000r\000k\000\040\000A\000n\000a\000l\000y\000s\000i\000s\000\040\000a\000n\000d\000\040\000T\000h\000e\000o\000r\000e\000t\000i\000c\000a\000l\000\040\000L\000i\000m\000i\000t\000s}{}% 6
\BOOKMARK [2][-]{subsection.2.1}{\376\377\000I\000n\000t\000r\000o\000d\000u\000c\000t\000i\000o\000n}{section.2}% 7
\BOOKMARK [2][-]{subsection.2.2}{\376\377\000A\000b\000o\000u\000t\000\040\000t\000h\000e\000\040\000H\000a\000r\000d\000w\000a\000r\000e}{section.2}% 8
\BOOKMARK [3][-]{subsubsection.2.2.1}{\376\377\000H\000o\000w\000\040\000C\000P\000U\000\040\000w\000o\000r\000k\000s}{subsection.2.2}% 9
\BOOKMARK [3][-]{subsubsection.2.2.2}{\376\377\000M\000i\000c\000r\000o\000-\000o\000p\000e\000r\000a\000t\000i\000o\000n\000s\000\040\000a\000n\000d\000\040\000p\000i\000p\000e\000l\000i\000n\000i\000n\000g}{subsection.2.2}% 10
\BOOKMARK [3][-]{subsubsection.2.2.3}{\376\377\000V\000e\000c\000t\000o\000r\000i\000z\000a\000t\000i\000o\000n\000:\000\040\000A\000V\000X}{subsection.2.2}% 11
\BOOKMARK [3][-]{subsubsection.2.2.4}{\376\377\000M\000e\000m\000o\000r\000y\000:\000\040\000R\000A\000M}{subsection.2.2}% 12
\BOOKMARK [3][-]{subsubsection.2.2.5}{\376\377\000M\000e\000m\000o\000r\000y\000:\000\040\000C\000a\000c\000h\000e}{subsection.2.2}% 13
\BOOKMARK [2][-]{subsection.2.3}{\376\377\000T\000h\000e\000o\000r\000e\000t\000i\000c\000a\000l\000\040\000t\000i\000m\000e}{section.2}% 14
\BOOKMARK [2][-]{subsection.2.4}{\376\377\000B\000e\000n\000c\000h\000m\000a\000r\000k\000\040\000o\000p\000e\000r\000a\000t\000i\000o\000n}{section.2}% 15
\BOOKMARK [3][-]{subsubsection.2.4.1}{\376\377\000D\000i\000f\000f\000e\000r\000e\000n\000t\000\040\000M\000a\000t\000r\000i\000x\000-\000M\000u\000l\000t\000i\000p\000l\000i\000c\000a\000t\000i\000o\000n\000\040\000f\000u\000n\000c\000t\000i\000o\000n\000s}{subsection.2.4}% 16
\BOOKMARK [3][-]{subsubsection.2.4.2}{\376\377\000C\000o\000m\000p\000a\000r\000i\000s\000o\000n\000\040\000o\000f\000\040\000B\000L\000A\000S\000\040\000O\000p\000e\000r\000a\000t\000i\000o\000n\000s\000\040\000A\000c\000r\000o\000s\000s\000\040\000D\000i\000f\000f\000e\000r\000e\000n\000t\000\040\000L\000e\000v\000e\000l\000s}{subsection.2.4}% 17
\BOOKMARK [1][-]{section.3}{\376\377\000G\000P\000U\000\040\000P\000e\000r\000f\000o\000r\000m\000a\000n\000c\000e\000:\000\040\000B\000e\000n\000c\000h\000m\000a\000r\000k\000\040\000A\000n\000a\000l\000y\000s\000i\000s}{}% 18
\BOOKMARK [2][-]{subsection.3.1}{\376\377\000U\000n\000d\000e\000r\000s\000t\000a\000n\000d\000i\000n\000g\000\040\000t\000h\000e\000\040\000G\000P\000U}{section.3}% 19
\BOOKMARK [3][-]{subsubsection.3.1.1}{\376\377\000I\000n\000t\000r\000o\000d\000u\000c\000t\000i\000o\000n\000\040\000t\000o\000\040\000G\000P\000U\000s}{subsection.3.1}% 20
\BOOKMARK [3][-]{subsubsection.3.1.2}{\376\377\000V\000e\000c\000t\000o\000r\000i\000z\000a\000t\000i\000o\000n\000\040\000a\000n\000d\000\040\000p\000a\000r\000a\000l\000l\000e\000l\000i\000s\000m}{subsection.3.1}% 21
\BOOKMARK [3][-]{subsubsection.3.1.3}{\376\377\000M\000e\000m\000o\000r\000y\000\040\000A\000c\000c\000e\000s\000s}{subsection.3.1}% 22
\BOOKMARK [2][-]{subsection.3.2}{\376\377\000G\000P\000U\000\040\000H\000a\000r\000d\000w\000a\000r\000e}{section.3}% 23
\BOOKMARK [2][-]{subsection.3.3}{\376\377\000G\000P\000U\000\040\000S\000o\000f\000t\000w\000a\000r\000e}{section.3}% 24
\BOOKMARK [2][-]{subsection.3.4}{\376\377\000O\000p\000e\000r\000a\000t\000o\000r\000s\000\040\000U\000s\000e\000d\000\040\000i\000n\000\040\000B\000e\000n\000c\000h\000m\000a\000r\000k\000.}{section.3}% 25
\BOOKMARK [3][-]{subsubsection.3.4.1}{\376\377\000C\000U\000D\000A}{subsection.3.4}% 26
\BOOKMARK [2][-]{subsection.3.5}{\376\377\000B\000e\000n\000c\000h\000m\000a\000r\000k\000s}{section.3}% 27
\BOOKMARK [3][-]{subsubsection.3.5.1}{\376\377\000S\000i\000m\000p\000l\000y\000\040\000G\000P\000U\000\040\000M\000a\000t\000r\000i\000x\000\040\000M\000u\000l\000t\000i\000p\000l\000i\000c\000a\000t\000i\000o\000n}{subsection.3.5}% 28
\BOOKMARK [3][-]{subsubsection.3.5.2}{\376\377\000M\000a\000t\000r\000i\000x\000\040\000M\000u\000l\000t\000i\000p\000l\000i\000c\000a\000t\000i\000o\000n\000\040\000M\000o\000d\000i\000f\000y\000i\000n\000g\000\040\000N\000\040\000u\000s\000i\000n\000g\000\040\000T\000i\000m\000e\000s}{subsection.3.5}% 29
\BOOKMARK [3][-]{subsubsection.3.5.3}{\376\377\000G\000P\000U\000\040\000M\000a\000t\000r\000i\000x\000\040\000M\000u\000l\000t\000i\000p\000l\000i\000c\000a\000t\000i\000o\000n\000\040\000P\000e\000r\000f\000o\000r\000m\000a\000n\000c\000e\000\040\000G\000F\000L\000O\000P\000S}{subsection.3.5}% 30
\BOOKMARK [3][-]{subsubsection.3.5.4}{\376\377\000P\000e\000r\000f\000o\000r\000m\000a\000n\000c\000e\000\040\000G\000F\000L\000O\000P\000S\000\040\000N\000V\000I\000D\000I\000A\000\040\000G\000e\000F\000o\000r\000c\000e\000\040\000G\000T\000X\000\040\0001\0000\0006\0000\000\040\0006\000G\000B}{subsection.3.5}% 31
\BOOKMARK [3][-]{subsubsection.3.5.5}{\376\377\000P\000e\000r\000f\000o\000r\000m\000a\000n\000c\000e\000\040\000i\000n\000\040\000G\000F\000L\000O\000P\000S\000\040\000o\000f\000\040\000t\000h\000e\000\040\000N\000V\000I\000D\000I\000A\000\040\000G\000e\000F\000o\000r\000c\000e\000\040\000R\000T\000X\000\040\0002\0000\0006\0000\000\040\000L\000a\000p\000t\000o\000p}{subsection.3.5}% 32
\BOOKMARK [1][-]{section.4}{\376\377\000S\000o\000l\000v\000i\000n\000g\000\040\000t\000h\000e\000\040\000C\000o\000n\000v\000e\000c\000t\000i\000v\000e\000-\000D\000i\000f\000f\000u\000s\000i\000v\000e\000\040\000H\000e\000a\000t\000\040\000E\000q\000u\000a\000t\000i\000o\000n\000\040\000w\000i\000t\000h\000\040\000N\000u\000m\000e\000r\000i\000c\000a\000l\000\040\000M\000e\000t\000h\000o\000d\000s}{}% 33
\BOOKMARK [2][-]{subsection.4.1}{\376\377\000I\000n\000t\000r\000o\000d\000u\000c\000t\000i\000o\000n\000\040\000a\000n\000d\000\040\000T\000h\000e\000o\000r\000e\000t\000i\000c\000a\000l\000\040\000f\000r\000a\000m\000e\000w\000o\000r\000k}{section.4}% 34
\BOOKMARK [3][-]{subsubsection.4.1.1}{\376\377\000N\000u\000m\000e\000r\000i\000c\000a\000l\000\040\000M\000e\000t\000h\000o\000d\000s\000\040\000u\000s\000e\000d}{subsection.4.1}% 35
\BOOKMARK [2][-]{subsection.4.2}{\376\377\000\040\000C\000o\000m\000p\000u\000t\000a\000t\000i\000o\000n\000a\000l\000\040\000I\000m\000p\000l\000e\000m\000e\000n\000t\000a\000t\000i\000o\000n}{section.4}% 36
\BOOKMARK [2][-]{subsection.4.3}{\376\377\000R\000e\000s\000u\000l\000t\000s\000\040\000a\000n\000d\000\040\000A\000n\000a\000l\000y\000s\000i\000s}{section.4}% 37
\BOOKMARK [2][-]{subsection.4.4}{\376\377\000G\000l\000o\000b\000a\000l\000\040\000I\000n\000t\000e\000r\000p\000o\000l\000a\000t\000i\000o\000n\000\040\000s\000o\000l\000v\000i\000n\000g}{section.4}% 38
\BOOKMARK [3][-]{subsubsection.4.4.1}{\376\377\000G\000r\000a\000p\000h\000s\000\040\000a\000n\000d\000\040\000t\000a\000b\000l\000e\000s}{subsection.4.4}% 39
\BOOKMARK [2][-]{subsection.4.5}{\376\377\000C\000o\000n\000c\000l\000u\000s\000i\000o\000n\000s}{section.4}% 40
\BOOKMARK [2][-]{subsection.4.6}{\376\377\000B\000i\000b\000l\000i\000o\000g\000r\000a\000f\000\355\000a}{section.4}% 41
